<?xml version="1.0" encoding="UTF-8"?>
<!-- Generated by org.testng.reporters.JUnitXMLReporter -->
<testsuite ignored="2" hostname="KAUSHAL" failures="0" tests="3" name="Test" time="43.737" errors="0" timestamp="2022-09-25T08:45:32 IST">
  <testcase classname="program.Sport_tak" name="tc_02_VerifyBrokenLinks" time="7.61"/>
  <testcase classname="program.Sport_tak" name="tc_03_Cricket" time="2.904"/>
  <testcase classname="program.Sport_tak" name="tc_04_theme" time="2.575"/>
  <testcase classname="program.Sport_tak" name="tc_01_SelectLang" time="0.0">
    <ignored/>
  </testcase> <!-- tc_01_SelectLang -->
  <testcase classname="program.Sport_tak" name="tc_05_WebStory" time="0.0">
    <ignored/>
  </testcase> <!-- tc_05_WebStory -->
</testsuite> <!-- Test -->
