<?xml version="1.0" encoding="UTF-8"?>
<!-- Generated by org.testng.reporters.JUnitXMLReporter -->
<testsuite ignored="0" hostname="LAPTOP-GV7H8U1F" failures="0" tests="3" name="Regression 1" time="34.97" errors="0" timestamp="2021-10-12T07:21:46 IST">
  <testcase classname="testng.RediffLoginTest" name="tc01ValidLogin" time="27.381"/>
  <testcase classname="testng.RediffLoginTest" name="tc02InvalidLogin" time="1.077"/>
  <testcase classname="testng.RediffLoginTest" name="tc03Register" time="1.666"/>
</testsuite> <!-- Regression 1 -->
