<?xml version="1.0" encoding="UTF-8"?>
<!-- Generated by org.testng.reporters.JUnitXMLReporter -->
<testsuite ignored="2" hostname="LAPTOP-GV7H8U1F" failures="0" tests="3" name="Methd Test" time="29.985" errors="0" timestamp="2021-10-05T16:02:07 IST">
  <testcase classname="testng.RediffTest" name="invalidlogin" time="12.393"/>
  <testcase classname="testng.GoogleLinkTest" name="imageSearch" time="2.724"/>
  <testcase classname="testng.GoogleLinkTest" name="about" time="2.188"/>
  <testcase classname="testng.RediffTest" name="validlogin" time="0.0">
    <ignored/>
  </testcase> <!-- validlogin -->
  <testcase classname="testng.GoogleLinkTest" name="advertising" time="0.0">
    <ignored/>
  </testcase> <!-- advertising -->
</testsuite> <!-- Methd Test -->
