<?xml version="1.0" encoding="UTF-8"?>
<testng-results ignored="0" total="6" passed="6" failed="0" skipped="0">
  <reporter-output>
  </reporter-output>
  <suite started-at="2022-08-29T13:43:52 IST" name="Default suite" finished-at="2022-08-29T13:44:42 IST" duration-ms="49820">
    <groups>
    </groups>
    <test started-at="2022-08-29T13:43:52 IST" name="Default test" finished-at="2022-08-29T13:44:42 IST" duration-ms="49820">
      <class name="Assignment.AmezonProductSearch">
        <test-method is-config="true" signature="beforeClass()[pri:0, instance:Assignment.AmezonProductSearch@313ac989]" started-at="2022-08-29T13:43:52 IST" name="beforeClass" finished-at="2022-08-29T13:44:02 IST" duration-ms="9625" status="PASS">
          <reporter-output>
          </reporter-output>
        </test-method> <!-- beforeClass -->
        <test-method signature="SearchProduct(java.lang.String)[pri:0, instance:Assignment.AmezonProductSearch@313ac989]" started-at="2022-08-29T13:44:02 IST" name="SearchProduct" data-provider="finddata" finished-at="2022-08-29T13:44:05 IST" duration-ms="3817" status="PASS">
          <params>
            <param index="0">
              <value>
                <![CDATA[book]]>
              </value>
            </param>
          </params>
          <reporter-output>
          </reporter-output>
        </test-method> <!-- SearchProduct -->
        <test-method is-config="true" signature="cleardata()[pri:0, instance:Assignment.AmezonProductSearch@313ac989]" started-at="2022-08-29T13:44:05 IST" name="cleardata" finished-at="2022-08-29T13:44:08 IST" duration-ms="2163" status="PASS">
          <reporter-output>
          </reporter-output>
        </test-method> <!-- cleardata -->
        <test-method signature="SearchProduct(java.lang.String)[pri:0, instance:Assignment.AmezonProductSearch@313ac989]" started-at="2022-08-29T13:44:08 IST" name="SearchProduct" data-provider="finddata" finished-at="2022-08-29T13:44:12 IST" duration-ms="4671" status="PASS">
          <params>
            <param index="0">
              <value>
                <![CDATA[tshirts]]>
              </value>
            </param>
          </params>
          <reporter-output>
          </reporter-output>
        </test-method> <!-- SearchProduct -->
        <test-method is-config="true" signature="cleardata()[pri:0, instance:Assignment.AmezonProductSearch@313ac989]" started-at="2022-08-29T13:44:12 IST" name="cleardata" finished-at="2022-08-29T13:44:14 IST" duration-ms="2124" status="PASS">
          <reporter-output>
          </reporter-output>
        </test-method> <!-- cleardata -->
        <test-method signature="SearchProduct(java.lang.String)[pri:0, instance:Assignment.AmezonProductSearch@313ac989]" started-at="2022-08-29T13:44:14 IST" name="SearchProduct" data-provider="finddata" finished-at="2022-08-29T13:44:17 IST" duration-ms="2983" status="PASS">
          <params>
            <param index="0">
              <value>
                <![CDATA[keyboard]]>
              </value>
            </param>
          </params>
          <reporter-output>
          </reporter-output>
        </test-method> <!-- SearchProduct -->
        <test-method is-config="true" signature="cleardata()[pri:0, instance:Assignment.AmezonProductSearch@313ac989]" started-at="2022-08-29T13:44:17 IST" name="cleardata" finished-at="2022-08-29T13:44:20 IST" duration-ms="2220" status="PASS">
          <reporter-output>
          </reporter-output>
        </test-method> <!-- cleardata -->
        <test-method signature="SearchProduct(java.lang.String)[pri:0, instance:Assignment.AmezonProductSearch@313ac989]" started-at="2022-08-29T13:44:20 IST" name="SearchProduct" data-provider="finddata" finished-at="2022-08-29T13:44:22 IST" duration-ms="2689" status="PASS">
          <params>
            <param index="0">
              <value>
                <![CDATA[mobile]]>
              </value>
            </param>
          </params>
          <reporter-output>
          </reporter-output>
        </test-method> <!-- SearchProduct -->
        <test-method is-config="true" signature="cleardata()[pri:0, instance:Assignment.AmezonProductSearch@313ac989]" started-at="2022-08-29T13:44:22 IST" name="cleardata" finished-at="2022-08-29T13:44:24 IST" duration-ms="2147" status="PASS">
          <reporter-output>
          </reporter-output>
        </test-method> <!-- cleardata -->
        <test-method signature="SearchProduct(java.lang.String)[pri:0, instance:Assignment.AmezonProductSearch@313ac989]" started-at="2022-08-29T13:44:24 IST" name="SearchProduct" data-provider="finddata" finished-at="2022-08-29T13:44:29 IST" duration-ms="4734" status="PASS">
          <params>
            <param index="0">
              <value>
                <![CDATA[earphone]]>
              </value>
            </param>
          </params>
          <reporter-output>
          </reporter-output>
        </test-method> <!-- SearchProduct -->
        <test-method is-config="true" signature="cleardata()[pri:0, instance:Assignment.AmezonProductSearch@313ac989]" started-at="2022-08-29T13:44:29 IST" name="cleardata" finished-at="2022-08-29T13:44:31 IST" duration-ms="2241" status="PASS">
          <reporter-output>
          </reporter-output>
        </test-method> <!-- cleardata -->
        <test-method signature="SearchProduct(java.lang.String)[pri:0, instance:Assignment.AmezonProductSearch@313ac989]" started-at="2022-08-29T13:44:31 IST" name="SearchProduct" data-provider="finddata" finished-at="2022-08-29T13:44:35 IST" duration-ms="3684" status="PASS">
          <params>
            <param index="0">
              <value>
                <![CDATA[Laptop]]>
              </value>
            </param>
          </params>
          <reporter-output>
          </reporter-output>
        </test-method> <!-- SearchProduct -->
        <test-method is-config="true" signature="cleardata()[pri:0, instance:Assignment.AmezonProductSearch@313ac989]" started-at="2022-08-29T13:44:35 IST" name="cleardata" finished-at="2022-08-29T13:44:37 IST" duration-ms="2166" status="PASS">
          <reporter-output>
          </reporter-output>
        </test-method> <!-- cleardata -->
        <test-method is-config="true" signature="afterClass()[pri:0, instance:Assignment.AmezonProductSearch@313ac989]" started-at="2022-08-29T13:44:37 IST" name="afterClass" finished-at="2022-08-29T13:44:42 IST" duration-ms="4413" status="PASS">
          <reporter-output>
          </reporter-output>
        </test-method> <!-- afterClass -->
      </class> <!-- Assignment.AmezonProductSearch -->
    </test> <!-- Default test -->
  </suite> <!-- Default suite -->
</testng-results>
