<?xml version="1.0" encoding="UTF-8"?>
<!-- Generated by org.testng.reporters.JUnitXMLReporter -->
<testsuite ignored="0" hostname="KAUSHAL" failures="0" tests="6" name="Default test" time="49.82" errors="0" timestamp="2022-08-29T13:44:42 IST">
  <testcase classname="Assignment.AmezonProductSearch" name="SearchProduct" time="3.817"/>
  <testcase classname="Assignment.AmezonProductSearch" name="SearchProduct" time="4.671"/>
  <testcase classname="Assignment.AmezonProductSearch" name="SearchProduct" time="2.983"/>
  <testcase classname="Assignment.AmezonProductSearch" name="SearchProduct" time="2.689"/>
  <testcase classname="Assignment.AmezonProductSearch" name="SearchProduct" time="4.734"/>
  <testcase classname="Assignment.AmezonProductSearch" name="SearchProduct" time="3.684"/>
</testsuite> <!-- Default test -->
